TN:
SF:src/app.js
FNF:0
FNH:0
DA:1,1
DA:2,1
DA:3,1
DA:4,1
DA:5,1
DA:6,1
DA:7,1
DA:8,1
DA:9,1
DA:10,1
DA:11,1
DA:12,1
DA:13,1
DA:14,1
DA:15,1
DA:16,1
DA:17,0
DA:18,0
DA:19,1
DA:20,1
DA:21,1
DA:22,1
DA:23,1
DA:24,1
DA:25,1
DA:26,1
DA:27,1
DA:28,1
LF:28
LH:26
BRDA:2,0,0,0
BRDA:16,1,0,0
BRF:2
BRH:0
end_of_record
TN:
SF:src/controllers/auth-controller.js
FN:4,Object.<anonymous>.exports.login
FN:20,Object.<anonymous>.exports.register
FN:35,Object.<anonymous>.exports.me
FNF:3
FNH:2
FNDA:2,Object.<anonymous>.exports.login
FNDA:2,Object.<anonymous>.exports.register
FNDA:0,Object.<anonymous>.exports.me
DA:1,1
DA:2,1
DA:3,1
DA:4,1
DA:5,2
DA:6,2
DA:7,2
DA:8,2
DA:9,2
DA:10,1
DA:11,1
DA:12,1
DA:13,1
DA:14,1
DA:15,2
DA:16,0
DA:17,0
DA:18,2
DA:19,1
DA:20,1
DA:21,2
DA:22,2
DA:23,1
DA:24,1
DA:25,1
DA:26,1
DA:27,1
DA:28,0
DA:29,0
DA:30,1
DA:31,1
DA:32,1
DA:33,2
DA:34,1
DA:35,1
DA:36,0
DA:37,0
LF:37
LH:31
BRDA:4,0,0,2
BRDA:9,1,0,1
BRDA:15,2,0,0
BRDA:20,3,0,2
BRDA:22,4,0,1
BRDA:27,5,0,0
BRF:6
BRH:4
end_of_record
TN:
SF:src/controllers/cart-controller.js
FN:4,Object.<anonymous>.exports.createCart
FN:20,Object.<anonymous>.exports.getCart
FN:32,Object.<anonymous>.exports.updateCart
FN:48,Object.<anonymous>.exports.deleteCart
FN:58,Object.<anonymous>.exports.deleteProductInCart
FNF:5
FNH:1
FNDA:1,Object.<anonymous>.exports.createCart
FNDA:0,Object.<anonymous>.exports.getCart
FNDA:0,Object.<anonymous>.exports.updateCart
FNDA:0,Object.<anonymous>.exports.deleteCart
FNDA:0,Object.<anonymous>.exports.deleteProductInCart
DA:1,1
DA:2,1
DA:3,1
DA:4,1
DA:5,1
DA:6,1
DA:7,1
DA:8,1
DA:9,1
DA:10,1
DA:11,1
DA:12,1
DA:13,0
DA:14,0
DA:15,1
DA:16,0
DA:17,0
DA:18,1
DA:19,1
DA:20,1
DA:21,0
DA:22,0
DA:23,0
DA:24,0
DA:25,0
DA:26,0
DA:27,0
DA:28,0
DA:29,0
DA:30,0
DA:31,1
DA:32,1
DA:33,0
DA:34,0
DA:35,0
DA:36,0
DA:37,0
DA:38,0
DA:39,0
DA:40,0
DA:41,0
DA:42,0
DA:43,0
DA:44,0
DA:45,0
DA:46,0
DA:47,1
DA:48,1
DA:49,0
DA:50,0
DA:51,0
DA:52,0
DA:53,0
DA:54,0
DA:55,0
DA:56,0
DA:57,1
DA:58,1
DA:59,0
DA:60,0
DA:61,0
DA:62,0
DA:63,0
DA:64,0
DA:65,0
DA:66,0
DA:67,0
DA:68,0
DA:69,0
DA:70,0
DA:71,0
DA:72,0
LF:72
LH:22
BRDA:4,0,0,1
BRDA:12,1,0,0
BRDA:15,2,0,0
BRF:3
BRH:1
end_of_record
TN:
SF:src/controllers/product-controller.js
FN:4,Object.<anonymous>.exports.createProduct
FN:20,Object.<anonymous>.exports.getOneProduct
FN:36,Object.<anonymous>.exports.getAllProducts
FN:44,Object.<anonymous>.exports.updatePartialProduct
FN:60,Object.<anonymous>.exports.deleteProduct
FNF:5
FNH:5
FNDA:8,Object.<anonymous>.exports.createProduct
FNDA:2,Object.<anonymous>.exports.getOneProduct
FNDA:1,Object.<anonymous>.exports.getAllProducts
FNDA:1,Object.<anonymous>.exports.updatePartialProduct
FNDA:1,Object.<anonymous>.exports.deleteProduct
DA:1,1
DA:2,1
DA:3,1
DA:4,1
DA:5,8
DA:6,8
DA:7,7
DA:8,7
DA:9,7
DA:10,7
DA:11,7
DA:12,7
DA:13,0
DA:14,0
DA:15,8
DA:16,1
DA:17,1
DA:18,8
DA:19,1
DA:20,1
DA:21,2
DA:22,2
DA:23,2
DA:24,2
DA:25,2
DA:26,1
DA:27,1
DA:28,1
DA:29,1
DA:30,1
DA:31,2
DA:32,0
DA:33,0
DA:34,2
DA:35,1
DA:36,1
DA:37,1
DA:38,1
DA:39,1
DA:40,0
DA:41,0
DA:42,1
DA:43,1
DA:44,1
DA:45,1
DA:46,1
DA:47,1
DA:48,1
DA:49,1
DA:50,1
DA:51,1
DA:52,1
DA:53,0
DA:54,0
DA:55,1
DA:56,0
DA:57,0
DA:58,1
DA:59,1
DA:60,1
DA:61,1
DA:62,1
DA:63,1
DA:64,1
DA:65,1
DA:66,1
DA:67,1
DA:68,0
DA:69,0
DA:70,1
DA:71,0
DA:72,0
DA:73,1
LF:73
LH:59
BRDA:4,0,0,8
BRDA:6,1,0,7
BRDA:12,2,0,0
BRDA:15,3,0,1
BRDA:20,4,0,2
BRDA:25,5,0,1
BRDA:31,6,0,0
BRDA:36,7,0,1
BRDA:39,8,0,0
BRDA:44,9,0,1
BRDA:52,10,0,0
BRDA:55,11,0,0
BRDA:60,12,0,1
BRDA:67,13,0,0
BRDA:70,14,0,0
BRF:15
BRH:8
end_of_record
TN:
SF:src/controllers/user-controller.js
FN:4,Object.<anonymous>.exports.createUser
FN:21,Object.<anonymous>.exports.getOneUser
FN:37,Object.<anonymous>.exports.getAllUsers
FN:45,Object.<anonymous>.exports.updateUser
FN:62,Object.<anonymous>.exports.updatePartialUser
FN:78,Object.<anonymous>.exports.deleteUser
FNF:6
FNH:6
FNDA:1,Object.<anonymous>.exports.createUser
FNDA:2,Object.<anonymous>.exports.getOneUser
FNDA:1,Object.<anonymous>.exports.getAllUsers
FNDA:2,Object.<anonymous>.exports.updateUser
FNDA:1,Object.<anonymous>.exports.updatePartialUser
FNDA:2,Object.<anonymous>.exports.deleteUser
DA:1,1
DA:2,1
DA:3,1
DA:4,1
DA:5,1
DA:6,1
DA:7,1
DA:8,1
DA:9,1
DA:10,1
DA:11,1
DA:12,1
DA:13,1
DA:14,0
DA:15,0
DA:16,1
DA:17,0
DA:18,0
DA:19,1
DA:20,1
DA:21,1
DA:22,2
DA:23,2
DA:24,1
DA:25,1
DA:26,1
DA:27,1
DA:28,1
DA:29,1
DA:30,0
DA:31,0
DA:32,1
DA:33,1
DA:34,1
DA:35,2
DA:36,1
DA:37,1
DA:38,1
DA:39,1
DA:40,1
DA:41,0
DA:42,0
DA:43,1
DA:44,1
DA:45,1
DA:46,2
DA:47,2
DA:48,2
DA:49,1
DA:50,1
DA:51,1
DA:52,1
DA:53,1
DA:54,0
DA:55,0
DA:56,1
DA:57,1
DA:58,1
DA:59,1
DA:60,2
DA:61,1
DA:62,1
DA:63,1
DA:64,1
DA:65,1
DA:66,1
DA:67,1
DA:68,1
DA:69,1
DA:70,0
DA:71,0
DA:72,1
DA:73,1
DA:74,0
DA:75,0
DA:76,1
DA:77,1
DA:78,1
DA:79,2
DA:80,2
DA:81,1
DA:82,1
DA:83,1
DA:84,1
DA:85,1
DA:86,0
DA:87,0
DA:88,1
DA:89,1
DA:90,1
DA:91,2
DA:92,2
LF:92
LH:76
BRDA:4,0,0,1
BRDA:13,1,0,0
BRDA:16,2,0,0
BRDA:21,3,0,2
BRDA:23,4,0,1
BRDA:29,5,0,0
BRDA:37,6,0,1
BRDA:40,7,0,0
BRDA:45,8,0,2
BRDA:48,9,0,1
BRDA:53,10,0,0
BRDA:62,11,0,1
BRDA:69,12,0,0
BRDA:73,13,0,0
BRDA:78,14,0,2
BRDA:80,15,0,1
BRDA:85,16,0,0
BRF:17
BRH:9
end_of_record
TN:
SF:src/errors/not-found-error.js
FN:1,notFoundError
FNF:1
FNH:1
FNDA:2,notFoundError
DA:1,2
DA:2,2
DA:3,2
DA:4,2
DA:5,2
DA:6,1
DA:7,1
LF:7
LH:7
BRDA:1,0,0,2
BRF:1
BRH:1
end_of_record
TN:
SF:src/middleware/auth-middleware.js
FN:4,Object.<anonymous>.exports.authenticateToken
FNF:1
FNH:1
FNDA:17,Object.<anonymous>.exports.authenticateToken
DA:1,1
DA:2,1
DA:3,1
DA:4,1
DA:5,17
DA:6,17
DA:7,17
DA:8,17
DA:9,17
DA:10,17
DA:11,17
DA:12,17
DA:13,17
DA:14,17
DA:15,17
DA:16,17
DA:17,17
DA:18,15
DA:19,15
DA:20,15
DA:21,17
DA:22,2
DA:23,2
DA:24,17
DA:25,17
LF:25
LH:25
BRDA:4,0,0,17
BRDA:8,1,0,2
BRDA:17,2,0,15
BRDA:21,3,0,2
BRF:4
BRH:4
end_of_record
TN:
SF:src/middleware/error-middleware.js
FN:3,Object.<anonymous>.exports.errorHandler
FNF:1
FNH:1
FNDA:2,Object.<anonymous>.exports.errorHandler
DA:1,1
DA:2,1
DA:3,1
DA:4,2
DA:5,2
DA:6,2
DA:7,2
LF:7
LH:7
BRDA:3,0,0,2
BRF:1
BRH:1
end_of_record
TN:
SF:src/middleware/product-owner-auth-middleware.js
FN:3,Object.<anonymous>.exports.authenticateProductOwner
FNF:1
FNH:1
FNDA:3,Object.<anonymous>.exports.authenticateProductOwner
DA:1,1
DA:2,1
DA:3,1
DA:4,3
DA:5,3
DA:6,3
DA:7,3
DA:8,3
DA:9,3
DA:10,3
DA:11,3
DA:12,1
DA:13,3
DA:14,2
DA:15,2
DA:16,3
DA:17,0
DA:18,0
DA:19,3
LF:19
LH:17
BRDA:3,0,0,3
BRDA:11,1,0,2
BRDA:11,2,0,1
BRDA:13,3,0,2
BRDA:16,4,0,0
BRF:5
BRH:4
end_of_record
TN:
SF:src/models/cart-model.js
FNF:0
FNH:0
DA:1,1
DA:2,1
DA:3,1
DA:4,1
DA:5,1
DA:6,1
DA:7,1
DA:8,1
DA:9,1
DA:10,1
DA:11,1
DA:12,1
DA:13,1
DA:14,1
DA:15,1
DA:16,1
DA:17,1
DA:18,1
DA:19,1
DA:20,1
DA:21,1
DA:22,1
DA:23,1
DA:24,1
DA:25,1
DA:26,1
DA:27,1
DA:28,1
DA:29,1
DA:30,1
DA:31,1
DA:32,1
DA:33,1
LF:33
LH:33
BRF:0
BRH:0
end_of_record
TN:
SF:src/models/product-model.js
FNF:0
FNH:0
DA:1,1
DA:2,1
DA:3,1
DA:4,1
DA:5,1
DA:6,1
DA:7,1
DA:8,1
DA:9,1
DA:10,1
DA:11,1
DA:12,1
DA:13,1
DA:14,1
DA:15,1
DA:16,1
DA:17,1
DA:18,1
DA:19,1
DA:20,1
DA:21,1
DA:22,1
DA:23,1
DA:24,1
DA:25,1
DA:26,1
DA:27,1
DA:28,1
DA:29,1
DA:30,1
LF:30
LH:30
BRF:0
BRH:0
end_of_record
TN:
SF:src/models/user-model.js
FN:15,validator
FN:18,message
FNF:2
FNH:1
FNDA:21,validator
FNDA:0,message
DA:1,1
DA:2,1
DA:3,1
DA:4,1
DA:5,1
DA:6,1
DA:7,1
DA:8,1
DA:9,1
DA:10,1
DA:11,1
DA:12,1
DA:13,1
DA:14,1
DA:15,1
DA:16,21
DA:17,1
DA:18,1
DA:19,1
DA:20,1
DA:21,1
DA:22,1
DA:23,1
DA:24,1
DA:25,1
DA:26,1
DA:27,1
DA:28,1
DA:29,1
DA:30,1
DA:31,1
LF:31
LH:31
BRDA:15,0,0,21
BRF:1
BRH:1
end_of_record
TN:
SF:src/routes/auth-routes.js
FNF:0
FNH:0
DA:1,1
DA:2,1
DA:3,1
DA:4,1
DA:5,1
DA:6,1
DA:7,1
DA:8,1
DA:9,1
DA:10,1
DA:11,1
DA:12,1
DA:13,1
DA:14,1
DA:15,1
DA:16,1
DA:17,1
DA:18,1
DA:19,1
DA:20,1
DA:21,1
DA:22,1
DA:23,1
LF:23
LH:23
BRF:0
BRH:0
end_of_record
TN:
SF:src/routes/cart-routes.js
FNF:0
FNH:0
DA:1,1
DA:2,1
DA:3,1
DA:4,1
DA:5,1
DA:6,1
DA:7,1
DA:8,1
DA:9,1
DA:10,1
DA:11,1
DA:12,1
DA:13,1
DA:14,1
DA:15,1
DA:16,1
DA:17,1
DA:18,1
DA:19,1
DA:20,1
DA:21,1
DA:22,1
DA:23,1
DA:24,1
DA:25,1
DA:26,1
DA:27,1
DA:28,1
DA:29,1
DA:30,1
DA:31,1
DA:32,1
DA:33,1
DA:34,1
DA:35,1
DA:36,1
DA:37,1
DA:38,1
DA:39,1
LF:39
LH:39
BRF:0
BRH:0
end_of_record
TN:
SF:src/routes/product-routes.js
FNF:0
FNH:0
DA:1,1
DA:2,1
DA:3,1
DA:4,1
DA:5,1
DA:6,1
DA:7,1
DA:8,1
DA:9,1
DA:10,1
DA:11,1
DA:12,1
DA:13,1
DA:14,1
DA:15,1
DA:16,1
DA:17,1
DA:18,1
DA:19,1
DA:20,1
DA:21,1
DA:22,1
DA:23,1
DA:24,1
DA:25,1
DA:26,1
DA:27,1
DA:28,1
DA:29,1
DA:30,1
DA:31,1
DA:32,1
DA:33,1
DA:34,1
DA:35,1
DA:36,1
DA:37,1
DA:38,1
DA:39,1
DA:40,1
DA:41,1
DA:42,1
DA:43,1
DA:44,1
DA:45,1
DA:46,1
DA:47,1
DA:48,1
DA:49,1
DA:50,1
DA:51,1
DA:52,1
DA:53,1
DA:54,1
DA:55,1
DA:56,1
DA:57,1
DA:58,1
DA:59,1
DA:60,1
DA:61,1
DA:62,1
DA:63,1
DA:64,1
DA:65,1
DA:66,1
DA:67,1
LF:67
LH:67
BRF:0
BRH:0
end_of_record
TN:
SF:src/routes/user-routes.js
FNF:0
FNH:0
DA:1,1
DA:2,1
DA:3,1
DA:4,1
DA:5,1
DA:6,1
DA:7,1
DA:8,1
DA:9,1
DA:10,1
DA:11,1
DA:12,1
DA:13,1
DA:14,1
DA:15,1
DA:16,1
DA:17,1
DA:18,1
DA:19,1
DA:20,1
DA:21,1
DA:22,1
DA:23,1
DA:24,1
DA:25,1
DA:26,1
DA:27,1
DA:28,1
DA:29,1
DA:30,1
DA:31,1
DA:32,1
DA:33,1
DA:34,1
DA:35,1
DA:36,1
DA:37,1
DA:38,1
DA:39,1
DA:40,1
DA:41,1
DA:42,1
DA:43,1
DA:44,1
DA:45,1
DA:46,1
DA:47,1
DA:48,1
DA:49,1
LF:49
LH:49
BRF:0
BRH:0
end_of_record
TN:
SF:src/services/auth-service.js
FN:6,createToken
FN:25,Object.<anonymous>.exports.login
FN:41,Object.<anonymous>.exports.register
FNF:3
FNH:3
FNDA:11,createToken
FNDA:11,Object.<anonymous>.exports.login
FNDA:1,Object.<anonymous>.exports.register
DA:1,1
DA:2,1
DA:3,1
DA:4,1
DA:5,1
DA:6,11
DA:7,11
DA:8,11
DA:9,11
DA:10,11
DA:11,11
DA:12,11
DA:13,11
DA:14,11
DA:15,11
DA:16,11
DA:17,11
DA:18,11
DA:19,11
DA:20,11
DA:21,11
DA:22,11
DA:23,11
DA:24,1
DA:25,1
DA:26,11
DA:27,11
DA:28,11
DA:29,11
DA:30,0
DA:31,0
DA:32,11
DA:33,10
DA:34,10
DA:35,11
DA:36,1
DA:37,1
DA:38,11
DA:39,11
DA:40,1
DA:41,1
DA:42,1
DA:43,1
DA:44,1
DA:45,1
DA:46,0
DA:47,0
DA:48,1
LF:48
LH:44
BRDA:6,0,0,11
BRDA:25,1,0,11
BRDA:28,2,0,10
BRDA:29,3,0,0
BRDA:32,4,0,10
BRDA:35,5,0,1
BRDA:41,6,0,1
BRDA:45,7,0,0
BRF:8
BRH:6
end_of_record
TN:
SF:src/services/cart-service.js
FN:5,Object.<anonymous>.exports.getCart
FN:18,Object.<anonymous>.exports.createCart
FN:53,Object.<anonymous>.exports.updateCart
FN:106,Object.<anonymous>.exports.deleteCart
FN:118,Object.<anonymous>.exports.deleteProductFromCat
FNF:5
FNH:1
FNDA:0,Object.<anonymous>.exports.getCart
FNDA:1,Object.<anonymous>.exports.createCart
FNDA:0,Object.<anonymous>.exports.updateCart
FNDA:0,Object.<anonymous>.exports.deleteCart
FNDA:0,Object.<anonymous>.exports.deleteProductFromCat
DA:1,1
DA:2,1
DA:3,1
DA:4,1
DA:5,1
DA:6,0
DA:7,0
DA:8,0
DA:9,0
DA:10,0
DA:11,0
DA:12,0
DA:13,0
DA:14,0
DA:15,0
DA:16,0
DA:17,1
DA:18,1
DA:19,1
DA:20,1
DA:21,1
DA:22,0
DA:23,0
DA:24,1
DA:25,0
DA:26,0
DA:27,1
DA:28,1
DA:29,1
DA:30,1
DA:31,1
DA:32,1
DA:33,1
DA:34,1
DA:35,1
DA:36,1
DA:37,1
DA:38,1
DA:39,1
DA:40,1
DA:41,1
DA:42,1
DA:43,1
DA:44,0
DA:45,0
DA:46,1
DA:47,0
DA:48,0
DA:49,0
DA:50,0
DA:51,1
DA:52,1
DA:53,1
DA:54,0
DA:55,0
DA:56,0
DA:57,0
DA:58,0
DA:59,0
DA:60,0
DA:61,0
DA:62,0
DA:63,0
DA:64,0
DA:65,0
DA:66,0
DA:67,0
DA:68,0
DA:69,0
DA:70,0
DA:71,0
DA:72,0
DA:73,0
DA:74,0
DA:75,0
DA:76,0
DA:77,0
DA:78,0
DA:79,0
DA:80,0
DA:81,0
DA:82,0
DA:83,0
DA:84,0
DA:85,0
DA:86,0
DA:87,0
DA:88,0
DA:89,0
DA:90,0
DA:91,0
DA:92,0
DA:93,0
DA:94,0
DA:95,0
DA:96,0
DA:97,0
DA:98,0
DA:99,0
DA:100,0
DA:101,0
DA:102,0
DA:103,0
DA:104,0
DA:105,1
DA:106,1
DA:107,0
DA:108,0
DA:109,0
DA:110,0
DA:111,0
DA:112,0
DA:113,0
DA:114,0
DA:115,0
DA:116,0
DA:117,1
DA:118,1
DA:119,0
DA:120,0
DA:121,0
DA:122,0
DA:123,0
DA:124,0
DA:125,0
DA:126,0
DA:127,0
DA:128,0
DA:129,0
DA:130,0
DA:131,0
DA:132,0
DA:133,0
DA:134,0
DA:135,0
DA:136,0
DA:137,0
LF:137
LH:36
BRDA:18,0,0,1
BRDA:21,1,0,0
BRDA:24,2,0,0
BRDA:43,3,0,0
BRDA:46,4,0,0
BRF:5
BRH:1
end_of_record
TN:
SF:src/services/product-service.js
FN:4,Object.<anonymous>.exports.createProduct
FN:24,Object.<anonymous>.exports.getOneProduct
FN:39,Object.<anonymous>.exports.getAllProducts
FN:49,Object.<anonymous>.exports.updateProduct
FN:69,Object.<anonymous>.exports.deleteProduct
FN:81,Object.<anonymous>.exports.exists
FNF:6
FNH:6
FNDA:7,Object.<anonymous>.exports.createProduct
FNDA:2,Object.<anonymous>.exports.getOneProduct
FNDA:1,Object.<anonymous>.exports.getAllProducts
FNDA:1,Object.<anonymous>.exports.updateProduct
FNDA:1,Object.<anonymous>.exports.deleteProduct
FNDA:3,Object.<anonymous>.exports.exists
DA:1,1
DA:2,1
DA:3,1
DA:4,1
DA:5,7
DA:6,7
DA:7,7
DA:8,7
DA:9,7
DA:10,7
DA:11,7
DA:12,7
DA:13,7
DA:14,7
DA:15,7
DA:16,7
DA:17,7
DA:18,7
DA:19,7
DA:20,0
DA:21,0
DA:22,7
DA:23,1
DA:24,1
DA:25,2
DA:26,1
DA:27,1
DA:28,2
DA:29,0
DA:30,0
DA:31,1
DA:32,1
DA:33,2
DA:34,0
DA:35,0
DA:36,2
DA:37,2
DA:38,1
DA:39,1
DA:40,1
DA:41,1
DA:42,1
DA:43,1
DA:44,0
DA:45,0
DA:46,1
DA:47,1
DA:48,1
DA:49,1
DA:50,1
DA:51,1
DA:52,1
DA:53,1
DA:54,1
DA:55,1
DA:56,1
DA:57,1
DA:58,1
DA:59,1
DA:60,1
DA:61,1
DA:62,1
DA:63,1
DA:64,1
DA:65,0
DA:66,0
DA:67,1
DA:68,1
DA:69,1
DA:70,1
DA:71,1
DA:72,1
DA:73,0
DA:74,0
DA:75,1
DA:76,1
DA:77,0
DA:78,0
DA:79,1
DA:80,1
DA:81,1
DA:82,3
DA:83,1
DA:84,1
DA:85,3
LF:85
LH:71
BRDA:4,0,0,7
BRDA:19,1,0,0
BRDA:24,2,0,2
BRDA:25,3,0,1
BRDA:28,4,0,0
BRDA:30,5,0,1
BRDA:33,6,0,0
BRDA:39,7,0,1
BRDA:43,8,0,0
BRDA:49,9,0,1
BRDA:64,10,0,0
BRDA:69,11,0,1
BRDA:72,12,0,0
BRDA:76,13,0,0
BRDA:81,14,0,3
BRDA:82,15,0,1
BRF:16
BRH:9
end_of_record
TN:
SF:src/services/user-service.js
FN:5,Object.<anonymous>.exports.createUser
FN:33,Object.<anonymous>.exports.getOneUser
FN:48,Object.<anonymous>.exports.getAllUsers
FN:58,Object.<anonymous>.exports.updateUser
FN:89,Object.<anonymous>.exports.updatePartialUser
FN:118,Object.<anonymous>.exports.deleteUser
FN:134,Object.<anonymous>.exports.exists
FNF:7
FNH:6
FNDA:22,Object.<anonymous>.exports.createUser
FNDA:18,Object.<anonymous>.exports.getOneUser
FNDA:3,Object.<anonymous>.exports.getAllUsers
FNDA:1,Object.<anonymous>.exports.updateUser
FNDA:1,Object.<anonymous>.exports.updatePartialUser
FNDA:1,Object.<anonymous>.exports.deleteUser
FNDA:0,Object.<anonymous>.exports.exists
DA:1,1
DA:2,1
DA:3,1
DA:4,1
DA:5,1
DA:6,22
DA:7,1
DA:8,1
DA:9,21
DA:10,21
DA:11,21
DA:12,21
DA:13,21
DA:14,21
DA:15,21
DA:16,21
DA:17,21
DA:18,21
DA:19,20
DA:20,20
DA:21,20
DA:22,20
DA:23,20
DA:24,20
DA:25,20
DA:26,20
DA:27,1
DA:28,1
DA:29,22
DA:30,22
DA:31,22
DA:32,1
DA:33,1
DA:34,18
DA:35,18
DA:36,18
DA:37,18
DA:38,1
DA:39,1
DA:40,17
DA:41,17
DA:42,1
DA:43,1
DA:44,18
DA:45,18
DA:46,18
DA:47,1
DA:48,1
DA:49,3
DA:50,3
DA:51,2
DA:52,2
DA:53,1
DA:54,1
DA:55,3
DA:56,3
DA:57,1
DA:58,1
DA:59,1
DA:60,1
DA:61,1
DA:62,1
DA:63,1
DA:64,1
DA:65,0
DA:66,0
DA:67,1
DA:68,1
DA:69,3
DA:70,3
DA:71,3
DA:72,3
DA:73,1
DA:74,1
DA:75,1
DA:76,1
DA:77,1
DA:78,1
DA:79,1
DA:80,1
DA:81,1
DA:82,1
DA:83,1
DA:84,1
DA:85,0
DA:86,0
DA:87,1
DA:88,1
DA:89,1
DA:90,1
DA:91,1
DA:92,1
DA:93,1
DA:94,0
DA:95,0
DA:96,1
DA:97,0
DA:98,0
DA:99,1
DA:100,1
DA:101,1
DA:102,1
DA:103,1
DA:104,1
DA:105,1
DA:106,1
DA:107,1
DA:108,1
DA:109,1
DA:110,1
DA:111,1
DA:112,1
DA:113,1
DA:114,0
DA:115,0
DA:116,1
DA:117,1
DA:118,1
DA:119,1
DA:120,1
DA:121,0
DA:122,1
DA:123,1
DA:124,1
DA:125,1
DA:126,1
DA:127,0
DA:128,0
DA:129,1
DA:130,1
DA:131,1
DA:132,1
DA:133,1
DA:134,1
DA:135,0
DA:136,0
DA:137,0
DA:138,0
DA:139,0
DA:140,0
LF:140
LH:121
BRDA:5,0,0,22
BRDA:6,1,0,1
BRDA:8,2,0,21
BRDA:18,3,0,20
BRDA:26,4,0,1
BRDA:33,5,0,18
BRDA:37,6,0,17
BRDA:37,7,0,1
BRDA:41,8,0,1
BRDA:48,9,0,3
BRDA:50,10,0,2
BRDA:52,11,0,1
BRDA:58,12,0,1
BRDA:64,13,0,0
BRDA:68,14,0,3
BRDA:84,15,0,0
BRDA:89,16,0,1
BRDA:93,17,0,0
BRDA:96,18,0,0
BRDA:113,19,0,0
BRDA:118,20,0,1
BRDA:120,21,0,0
BRDA:126,22,0,0
BRF:23
BRH:16
end_of_record
